<?xml version="1.0" encoding="UTF-8"?>
<coverage generated="1576736393946" clover="3.2.0">
  <project timestamp="1576736393946" name="All files">
    <metrics statements="27" coveredstatements="27" conditionals="12" coveredconditionals="11" methods="7" coveredmethods="7" elements="46" coveredelements="45" complexity="0" loc="27" ncloc="27" packages="2" files="2" classes="2"/>
    <package name="src">
      <metrics statements="25" coveredstatements="25" conditionals="12" coveredconditionals="11" methods="6" coveredmethods="6"/>
      <file name="expensive-click.js" path="D:\Assignment\src\expensive-click.js">
        <metrics statements="25" coveredstatements="25" conditionals="12" coveredconditionals="11" methods="6" coveredmethods="6"/>
        <line num="5" count="4" type="stmt"/>
        <line num="6" count="4" type="stmt"/>
        <line num="7" count="4" type="cond" truecount="2" falsecount="0"/>
        <line num="8" count="1" type="stmt"/>
        <line num="10" count="3" type="stmt"/>
        <line num="11" count="3" type="stmt"/>
        <line num="12" count="42" type="stmt"/>
        <line num="13" count="42" type="cond" truecount="2" falsecount="0"/>
        <line num="14" count="42" type="cond" truecount="2" falsecount="0"/>
        <line num="15" count="40" type="stmt"/>
        <line num="20" count="1" type="stmt"/>
        <line num="22" count="3" type="stmt"/>
        <line num="26" count="1" type="cond" truecount="1" falsecount="1"/>
        <line num="27" count="1" type="stmt"/>
        <line num="32" count="3" type="stmt"/>
        <line num="33" count="3" type="stmt"/>
        <line num="34" count="3" type="stmt"/>
        <line num="35" count="77" type="stmt"/>
        <line num="36" count="77" type="cond" truecount="2" falsecount="0"/>
        <line num="37" count="14" type="stmt"/>
        <line num="39" count="63" type="stmt"/>
        <line num="41" count="77" type="cond" truecount="2" falsecount="0"/>
        <line num="42" count="77" type="stmt"/>
        <line num="43" count="3" type="stmt"/>
        <line num="46" count="3" type="stmt"/>
      </file>
    </package>
    <package name="src.Errors">
      <metrics statements="2" coveredstatements="2" conditionals="0" coveredconditionals="0" methods="1" coveredmethods="1"/>
      <file name="null-arguments.js" path="D:\Assignment\src\Errors\null-arguments.js">
        <metrics statements="2" coveredstatements="2" conditionals="0" coveredconditionals="0" methods="1" coveredmethods="1"/>
        <line num="3" count="1" type="stmt"/>
        <line num="4" count="1" type="stmt"/>
      </file>
    </package>
  </project>
</coverage>
