{"D:\\Assignment\\src\\expensive-click.js": {"path":"D:\\Assignment\\src\\expensive-click.js","statementMap":{"0":{"start":{"line":5,"column":31},"end":{"line":5,"column":33}},"1":{"start":{"line":6,"column":8},"end":{"line":21,"column":9}},"2":{"start":{"line":7,"column":12},"end":{"line":9,"column":13}},"3":{"start":{"line":8,"column":16},"end":{"line":8,"column":70}},"4":{"start":{"line":10,"column":34},"end":{"line":10,"column":80}},"5":{"start":{"line":11,"column":12},"end":{"line":17,"column":15}},"6":{"start":{"line":12,"column":34},"end":{"line":12,"column":49}},"7":{"start":{"line":13,"column":34},"end":{"line":13,"column":112}},"8":{"start":{"line":14,"column":16},"end":{"line":16,"column":17}},"9":{"start":{"line":15,"column":20},"end":{"line":15,"column":54}},"10":{"start":{"line":20,"column":12},"end":{"line":20,"column":37}},"11":{"start":{"line":22,"column":8},"end":{"line":22,"column":45}},"12":{"start":{"line":26,"column":8},"end":{"line":28,"column":9}},"13":{"start":{"line":27,"column":12},"end":{"line":27,"column":24}},"14":{"start":{"line":32,"column":26},"end":{"line":32,"column":28}},"15":{"start":{"line":33,"column":31},"end":{"line":33,"column":36}},"16":{"start":{"line":34,"column":8},"end":{"line":45,"column":11}},"17":{"start":{"line":35,"column":30},"end":{"line":35,"column":38}},"18":{"start":{"line":36,"column":12},"end":{"line":40,"column":13}},"19":{"start":{"line":37,"column":16},"end":{"line":37,"column":41}},"20":{"start":{"line":39,"column":16},"end":{"line":39,"column":42}},"21":{"start":{"line":41,"column":12},"end":{"line":44,"column":13}},"22":{"start":{"line":42,"column":16},"end":{"line":42,"column":89}},"23":{"start":{"line":42,"column":67},"end":{"line":42,"column":87}},"24":{"start":{"line":43,"column":16},"end":{"line":43,"column":41}},"25":{"start":{"line":46,"column":8},"end":{"line":46,"column":32}}},"fnMap":{"0":{"name":"(anonymous_0)","decl":{"start":{"line":3,"column":4},"end":{"line":3,"column":5}},"loc":{"start":{"line":3,"column":37},"end":{"line":23,"column":5}},"line":3},"1":{"name":"(anonymous_1)","decl":{"start":{"line":11,"column":34},"end":{"line":11,"column":35}},"loc":{"start":{"line":11,"column":43},"end":{"line":17,"column":13}},"line":11},"2":{"name":"(anonymous_2)","decl":{"start":{"line":25,"column":4},"end":{"line":25,"column":5}},"loc":{"start":{"line":25,"column":24},"end":{"line":29,"column":5}},"line":25},"3":{"name":"(anonymous_3)","decl":{"start":{"line":31,"column":4},"end":{"line":31,"column":5}},"loc":{"start":{"line":31,"column":46},"end":{"line":47,"column":5}},"line":31},"4":{"name":"(anonymous_4)","decl":{"start":{"line":34,"column":22},"end":{"line":34,"column":23}},"loc":{"start":{"line":34,"column":31},"end":{"line":45,"column":9}},"line":34},"5":{"name":"(anonymous_5)","decl":{"start":{"line":42,"column":59},"end":{"line":42,"column":60}},"loc":{"start":{"line":42,"column":67},"end":{"line":42,"column":87}},"line":42}},"branchMap":{"0":{"loc":{"start":{"line":7,"column":12},"end":{"line":9,"column":13}},"type":"if","locations":[{"start":{"line":7,"column":12},"end":{"line":9,"column":13}},{"start":{"line":7,"column":12},"end":{"line":9,"column":13}}],"line":7},"1":{"loc":{"start":{"line":13,"column":34},"end":{"line":13,"column":112}},"type":"cond-expr","locations":[{"start":{"line":13,"column":76},"end":{"line":13,"column":108}},{"start":{"line":13,"column":111},"end":{"line":13,"column":112}}],"line":13},"2":{"loc":{"start":{"line":14,"column":16},"end":{"line":16,"column":17}},"type":"if","locations":[{"start":{"line":14,"column":16},"end":{"line":16,"column":17}},{"start":{"line":14,"column":16},"end":{"line":16,"column":17}}],"line":14},"3":{"loc":{"start":{"line":26,"column":8},"end":{"line":28,"column":9}},"type":"if","locations":[{"start":{"line":26,"column":8},"end":{"line":28,"column":9}},{"start":{"line":26,"column":8},"end":{"line":28,"column":9}}],"line":26},"4":{"loc":{"start":{"line":36,"column":12},"end":{"line":40,"column":13}},"type":"if","locations":[{"start":{"line":36,"column":12},"end":{"line":40,"column":13}},{"start":{"line":36,"column":12},"end":{"line":40,"column":13}}],"line":36},"5":{"loc":{"start":{"line":41,"column":12},"end":{"line":44,"column":13}},"type":"if","locations":[{"start":{"line":41,"column":12},"end":{"line":44,"column":13}},{"start":{"line":41,"column":12},"end":{"line":44,"column":13}}],"line":41}},"s":{"0":4,"1":4,"2":4,"3":1,"4":3,"5":3,"6":42,"7":42,"8":42,"9":40,"10":1,"11":3,"12":1,"13":1,"14":3,"15":3,"16":3,"17":77,"18":77,"19":14,"20":63,"21":77,"22":3,"23":77,"24":3,"25":3},"f":{"0":4,"1":42,"2":1,"3":3,"4":77,"5":77},"b":{"0":[1,3],"1":[4,38],"2":[40,2],"3":[1,0],"4":[14,63],"5":[3,74]},"_coverageSchema":"43e27e138ebf9cfc5966b082cf9a028302ed4184","hash":"52f5f0c588fccee86fab8ba1dbd5907305973d01"}
,"D:\\Assignment\\src\\Errors\\null-arguments.js": {"path":"D:\\Assignment\\src\\Errors\\null-arguments.js","statementMap":{"0":{"start":{"line":3,"column":8},"end":{"line":3,"column":20}},"1":{"start":{"line":4,"column":8},"end":{"line":4,"column":34}}},"fnMap":{"0":{"name":"(anonymous_0)","decl":{"start":{"line":2,"column":4},"end":{"line":2,"column":5}},"loc":{"start":{"line":2,"column":21},"end":{"line":5,"column":5}},"line":2}},"branchMap":{},"s":{"0":1,"1":1},"f":{"0":1},"b":{},"_coverageSchema":"43e27e138ebf9cfc5966b082cf9a028302ed4184","hash":"6bea9a3618832438a884fb7cf9148c58a63cb3ad"}
}
