TN:
SF:D:\Assignment\src\expensive-click.js
FN:3,(anonymous_0)
FN:11,(anonymous_1)
FN:25,(anonymous_2)
FN:31,(anonymous_3)
FN:34,(anonymous_4)
FN:42,(anonymous_5)
FNF:6
FNH:6
FNDA:4,(anonymous_0)
FNDA:42,(anonymous_1)
FNDA:1,(anonymous_2)
FNDA:3,(anonymous_3)
FNDA:77,(anonymous_4)
FNDA:77,(anonymous_5)
DA:5,4
DA:6,4
DA:7,4
DA:8,1
DA:10,3
DA:11,3
DA:12,42
DA:13,42
DA:14,42
DA:15,40
DA:20,1
DA:22,3
DA:26,1
DA:27,1
DA:32,3
DA:33,3
DA:34,3
DA:35,77
DA:36,77
DA:37,14
DA:39,63
DA:41,77
DA:42,77
DA:43,3
DA:46,3
LF:25
LH:25
BRDA:7,0,0,1
BRDA:7,0,1,3
BRDA:13,1,0,4
BRDA:13,1,1,38
BRDA:14,2,0,40
BRDA:14,2,1,2
BRDA:26,3,0,1
BRDA:26,3,1,0
BRDA:36,4,0,14
BRDA:36,4,1,63
BRDA:41,5,0,3
BRDA:41,5,1,74
BRF:12
BRH:11
end_of_record
TN:
SF:D:\Assignment\src\Errors\null-arguments.js
FN:2,(anonymous_0)
FNF:1
FNH:1
FNDA:1,(anonymous_0)
DA:3,1
DA:4,1
LF:2
LH:2
BRF:0
BRH:0
end_of_record
